This is pdfTeX, Version 3.1415926-2.5-1.40.14 (TeX Live 2013) (format=pdflatex 2020.12.2)  6 SEP 2022 12:28
entering extended mode
 restricted \write18 enabled.
 %&-line parsing enabled.
**ManuscriptForPress.tex
(./ManuscriptForPress.tex
LaTeX2e <2011/06/27>
Babel <v3.8m> and hyphenation patterns for english, dumylang, nohyphenation, lo
aded.
(/usr/share/texlive/texmf-dist/tex/latex/base/article.cls
Document Class: article 2007/10/19 v1.4h Standard LaTeX document class
(/usr/share/texlive/texmf-dist/tex/latex/base/size10.clo
File: size10.clo 2007/10/19 v1.4h Standard LaTeX file (size option)
)
\c@part=\count79
\c@section=\count80
\c@subsection=\count81
\c@subsubsection=\count82
\c@paragraph=\count83
\c@subparagraph=\count84
\c@figure=\count85
\c@table=\count86
\abovecaptionskip=\skip41
\belowcaptionskip=\skip42
\bibindent=\dimen102
)
(/usr/share/texlive/texmf-dist/tex/latex/graphics/graphicx.sty
Package: graphicx 1999/02/16 v1.0f Enhanced LaTeX Graphics (DPC,SPQR)

(/usr/share/texlive/texmf-dist/tex/latex/graphics/keyval.sty
Package: keyval 1999/03/16 v1.13 key=value parser (DPC)
\KV@toks@=\toks14
)
(/usr/share/texlive/texmf-dist/tex/latex/graphics/graphics.sty
Package: graphics 2009/02/05 v1.0o Standard LaTeX Graphics (DPC,SPQR)

(/usr/share/texlive/texmf-dist/tex/latex/graphics/trig.sty
Package: trig 1999/03/16 v1.09 sin cos tan (DPC)
)
(/usr/share/texlive/texmf-dist/tex/latex/latexconfig/graphics.cfg
File: graphics.cfg 2010/04/23 v1.9 graphics configuration of TeX Live
)
Package graphics Info: Driver file: pdftex.def on input line 91.

(/usr/share/texlive/texmf-dist/tex/latex/pdftex-def/pdftex.def
File: pdftex.def 2011/05/27 v0.06d Graphics/color for pdfTeX

(/usr/share/texlive/texmf-dist/tex/generic/oberdiek/infwarerr.sty
Package: infwarerr 2010/04/08 v1.3 Providing info/warning/error messages (HO)
)
(/usr/share/texlive/texmf-dist/tex/generic/oberdiek/ltxcmds.sty
Package: ltxcmds 2011/11/09 v1.22 LaTeX kernel commands for general use (HO)
)
\Gread@gobject=\count87
))
\Gin@req@height=\dimen103
\Gin@req@width=\dimen104
)
(/usr/share/texlive/texmf-dist/tex/latex/amsmath/amsmath.sty
Package: amsmath 2013/01/14 v2.14 AMS math features
\@mathmargin=\skip43

For additional information on amsmath, use the `?' option.
(/usr/share/texlive/texmf-dist/tex/latex/amsmath/amstext.sty
Package: amstext 2000/06/29 v2.01

(/usr/share/texlive/texmf-dist/tex/latex/amsmath/amsgen.sty
File: amsgen.sty 1999/11/30 v2.0
\@emptytoks=\toks15
\ex@=\dimen105
))
(/usr/share/texlive/texmf-dist/tex/latex/amsmath/amsbsy.sty
Package: amsbsy 1999/11/29 v1.2d
\pmbraise@=\dimen106
)
(/usr/share/texlive/texmf-dist/tex/latex/amsmath/amsopn.sty
Package: amsopn 1999/12/14 v2.01 operator names
)
\inf@bad=\count88
LaTeX Info: Redefining \frac on input line 210.
\uproot@=\count89
\leftroot@=\count90
LaTeX Info: Redefining \overline on input line 306.
\classnum@=\count91
\DOTSCASE@=\count92
LaTeX Info: Redefining \ldots on input line 378.
LaTeX Info: Redefining \dots on input line 381.
LaTeX Info: Redefining \cdots on input line 466.
\Mathstrutbox@=\box26
\strutbox@=\box27
\big@size=\dimen107
LaTeX Font Info:    Redeclaring font encoding OML on input line 566.
LaTeX Font Info:    Redeclaring font encoding OMS on input line 567.
\macc@depth=\count93
\c@MaxMatrixCols=\count94
\dotsspace@=\muskip10
\c@parentequation=\count95
\dspbrk@lvl=\count96
\tag@help=\toks16
\row@=\count97
\column@=\count98
\maxfields@=\count99
\andhelp@=\toks17
\eqnshift@=\dimen108
\alignsep@=\dimen109
\tagshift@=\dimen110
\tagwidth@=\dimen111
\totwidth@=\dimen112
\lineht@=\dimen113
\@envbody=\toks18
\multlinegap=\skip44
\multlinetaggap=\skip45
\mathdisplay@stack=\toks19
LaTeX Info: Redefining \[ on input line 2665.
LaTeX Info: Redefining \] on input line 2666.
)
(/usr/share/texlive/texmf-dist/tex/latex/tools/xr.sty
Package: xr 1994/05/28 v5.02 eXternal References (DPC)
)
(/usr/share/texlive/texmf-dist/tex/latex/caption/subcaption.sty
Package: subcaption 2013/02/03 v1.1-62 Sub-captions (AR)

(/usr/share/texlive/texmf-dist/tex/latex/caption/caption.sty
Package: caption 2013/02/03 v3.3-65 Customizing captions (AR)

(/usr/share/texlive/texmf-dist/tex/latex/caption/caption3.sty
Package: caption3 2013/02/03 v1.5-62 caption3 kernel (AR)
\captionmargin=\dimen114
\captionmargin@=\dimen115
\captionwidth=\dimen116
\caption@tempdima=\dimen117
\caption@indent=\dimen118
\caption@parindent=\dimen119
\caption@hangindent=\dimen120
)
\c@ContinuedFloat=\count100
)
\c@subfigure=\count101
\c@subtable=\count102
)
(/usr/share/texlive/texmf-dist/tex/latex/preprint/authblk.sty
Package: authblk 2009/11/18 1.3 (PWD)
\affilsep=\skip46
\@affilsep=\skip47
\c@Maxaffil=\count103
\c@authors=\count104
\c@affil=\count105
)
(/usr/share/texlive/texmf-dist/tex/latex/natbib/natbib.sty
Package: natbib 2010/09/13 8.31b (PWD, AO)
\bibhang=\skip48
\bibsep=\skip49
LaTeX Info: Redefining \cite on input line 694.
\c@NAT@ctr=\count106
)
(/usr/share/texlive/texmf-dist/tex/latex/lineno/lineno.sty
Package: lineno 2005/11/02 line numbers on paragraphs v4.41
\linenopenalty=\count107
\output=\toks20
\linenoprevgraf=\count108
\linenumbersep=\dimen121
\linenumberwidth=\dimen122
\c@linenumber=\count109
\c@pagewiselinenumber=\count110
\c@LN@truepage=\count111
\c@internallinenumber=\count112
\c@internallinenumbers=\count113
\quotelinenumbersep=\dimen123
\bframerule=\dimen124
\bframesep=\dimen125
\bframebox=\box28
LaTeX Info: Redefining \\ on input line 3056.
)
(/usr/share/texlive/texmf-dist/tex/latex/xcolor/xcolor.sty
Package: xcolor 2007/01/21 v2.11 LaTeX color extensions (UK)

(/usr/share/texlive/texmf-dist/tex/latex/latexconfig/color.cfg
File: color.cfg 2007/01/18 v1.5 color configuration of teTeX/TeXLive
)
Package xcolor Info: Driver file: pdftex.def on input line 225.
Package xcolor Info: Model `cmy' substituted by `cmy0' on input line 1337.
Package xcolor Info: Model `hsb' substituted by `rgb' on input line 1341.
Package xcolor Info: Model `RGB' extended on input line 1353.
Package xcolor Info: Model `HTML' substituted by `rgb' on input line 1355.
Package xcolor Info: Model `Hsb' substituted by `hsb' on input line 1356.
Package xcolor Info: Model `tHsb' substituted by `hsb' on input line 1357.
Package xcolor Info: Model `HSB' substituted by `hsb' on input line 1358.
Package xcolor Info: Model `Gray' substituted by `gray' on input line 1359.
Package xcolor Info: Model `wave' substituted by `hsb' on input line 1360.
)
(/usr/share/texlive/texmf-dist/tex/latex/setspace/setspace.sty
Package: setspace 2011/12/19 v6.7a set line spacing
)

Package xr Warning: 
No file Appendix.aux
LABELS NOT IMPORTED.
 on input line 20.

(./ManuscriptForPress.aux)
\openout1 = `ManuscriptForPress.aux'.

LaTeX Font Info:    Checking defaults for OML/cmm/m/it on input line 36.
LaTeX Font Info:    ... okay on input line 36.
LaTeX Font Info:    Checking defaults for T1/cmr/m/n on input line 36.
LaTeX Font Info:    ... okay on input line 36.
LaTeX Font Info:    Checking defaults for OT1/cmr/m/n on input line 36.
LaTeX Font Info:    ... okay on input line 36.
LaTeX Font Info:    Checking defaults for OMS/cmsy/m/n on input line 36.
LaTeX Font Info:    ... okay on input line 36.
LaTeX Font Info:    Checking defaults for OMX/cmex/m/n on input line 36.
LaTeX Font Info:    ... okay on input line 36.
LaTeX Font Info:    Checking defaults for U/cmr/m/n on input line 36.
LaTeX Font Info:    ... okay on input line 36.

(/usr/share/texlive/texmf-dist/tex/context/base/supp-pdf.mkii
[Loading MPS to PDF converter (version 2006.09.02).]
\scratchcounter=\count114
\scratchdimen=\dimen126
\scratchbox=\box29
\nofMPsegments=\count115
\nofMParguments=\count116
\everyMPshowfont=\toks21
\MPscratchCnt=\count117
\MPscratchDim=\dimen127
\MPnumerator=\count118
\makeMPintoPDFobject=\count119
\everyMPtoPDFconversion=\toks22
) (/usr/share/texlive/texmf-dist/tex/generic/oberdiek/pdftexcmds.sty
Package: pdftexcmds 2011/11/29 v0.20 Utility functions of pdfTeX for LuaTeX (HO
)

(/usr/share/texlive/texmf-dist/tex/generic/oberdiek/ifluatex.sty
Package: ifluatex 2010/03/01 v1.3 Provides the ifluatex switch (HO)
Package ifluatex Info: LuaTeX not detected.
)
(/usr/share/texlive/texmf-dist/tex/generic/oberdiek/ifpdf.sty
Package: ifpdf 2011/01/30 v2.3 Provides the ifpdf switch (HO)
Package ifpdf Info: pdfTeX in PDF mode is detected.
)
Package pdftexcmds Info: LuaTeX not detected.
Package pdftexcmds Info: \pdf@primitive is available.
Package pdftexcmds Info: \pdf@ifprimitive is available.
Package pdftexcmds Info: \pdfdraftmode found.
)
(/usr/share/texlive/texmf-dist/tex/latex/oberdiek/epstopdf-base.sty
Package: epstopdf-base 2010/02/09 v2.5 Base part for package epstopdf

(/usr/share/texlive/texmf-dist/tex/latex/oberdiek/grfext.sty
Package: grfext 2010/08/19 v1.1 Manage graphics extensions (HO)

(/usr/share/texlive/texmf-dist/tex/generic/oberdiek/kvdefinekeys.sty
Package: kvdefinekeys 2011/04/07 v1.3 Define keys (HO)
))
(/usr/share/texlive/texmf-dist/tex/latex/oberdiek/kvoptions.sty
Package: kvoptions 2011/06/30 v3.11 Key value format for package options (HO)

(/usr/share/texlive/texmf-dist/tex/generic/oberdiek/kvsetkeys.sty
Package: kvsetkeys 2012/04/25 v1.16 Key value parser (HO)

(/usr/share/texlive/texmf-dist/tex/generic/oberdiek/etexcmds.sty
Package: etexcmds 2011/02/16 v1.5 Avoid name clashes with e-TeX commands (HO)
Package etexcmds Info: Could not find \expanded.
(etexcmds)             That can mean that you are not using pdfTeX 1.50 or
(etexcmds)             that some package has redefined \expanded.
(etexcmds)             In the latter case, load this package earlier.
)))
Package grfext Info: Graphics extension search list:
(grfext)             [.png,.pdf,.jpg,.mps,.jpeg,.jbig2,.jb2,.PNG,.PDF,.JPG,.JPE
G,.JBIG2,.JB2,.eps]
(grfext)             \AppendGraphicsExtensions on input line 452.

(/usr/share/texlive/texmf-dist/tex/latex/latexconfig/epstopdf-sys.cfg
File: epstopdf-sys.cfg 2010/07/13 v1.3 Configuration of (r)epstopdf for TeX Liv
e
))
Package caption Info: Begin \AtBeginDocument code.
Package caption Info: End \AtBeginDocument code.

[1

{/usr/share/texlive/texmf/fonts/map/pdftex/updmap/pdftex.map}] [2] [3]
[4]
Overfull \hbox (52.20912pt too wide) in paragraph at lines 82--86
\OT1/cmr/m/n/10 code is avail-able as an R-package on github (https://github.co
m/HelenKettle/microPopGut)
 []

<images/Fig1Schematic.pdf, id=25, 963.6pt x 542.025pt>
File: images/Fig1Schematic.pdf Graphic file (type pdf)

<use images/Fig1Schematic.pdf>
Package pdftex.def Info: images/Fig1Schematic.pdf used on input line 90.
(pdftex.def)             Requested size: 337.26506pt x 189.71158pt.

Overfull \hbox (2.70206pt too wide) in paragraph at lines 110--110
[]\OT1/cmr/m/n/9 Abbr.| 
 []


Underfull \hbox (badness 10000) in paragraph at lines 112--112
[]\OT1/cmr/m/n/9 Acetate-propionate-
 []


Overfull \hbox (4.9923pt too wide) in paragraph at lines 113--113
[]\OT1/cmr/m/n/9 NBSD| 
 []


Underfull \hbox (badness 10000) in paragraph at lines 113--113
[]\OT1/cmr/m/n/9 Non-butyrate-forming
 []


Overfull \hbox (5.89088pt too wide) in paragraph at lines 114--114
[]\OT1/cmr/m/n/9 NBFD| 
 []


Underfull \hbox (badness 1454) in paragraph at lines 114--114
[]\OT1/cmr/m/n/9 Non-butyrate-forming fi-
 []


Underfull \hbox (badness 1502) in paragraph at lines 114--115
\OT1/cmr/m/it/9 minococ-cus al-bus\OT1/cmr/m/n/9 , \OT1/cmr/m/it/9 Ru-minococ-c
us
 []


Underfull \hbox (badness 10000) in paragraph at lines 115--116
[]\OT1/cmr/m/it/9 Actinobacteria\OT1/cmr/m/n/9 , es-pe-cially \OT1/cmr/m/it/9 B
i-
 []


Underfull \hbox (badness 10000) in paragraph at lines 115--116
\OT1/cmr/m/it/9 fi-dobac-terium \OT1/cmr/m/n/9 spp., \OT1/cmr/m/it/9 Collinsell
a
 []


Underfull \hbox (badness 10000) in paragraph at lines 117--118
[]\OT1/cmr/m/n/9 Certain \OT1/cmr/m/it/9 Ru-minococ-caceae\OT1/cmr/m/n/9 , in
 []


Overfull \hbox (2.1086pt too wide) in paragraph at lines 118--118
[]\OT1/cmr/m/n/9 PropionateProducers| 
 []


Underfull \hbox (badness 1342) in paragraph at lines 118--119
[]\OT1/cmr/m/it/9 Veillonellaceae \OT1/cmr/m/n/9 e.g. \OT1/cmr/m/it/9 Veil-lone
lla
 []


Underfull \hbox (badness 10000) in paragraph at lines 120--121
[]\OT1/cmr/m/n/9 Certain \OT1/cmr/m/it/9 Lach-nospiraceae\OT1/cmr/m/n/9 , e.g.
 []


Overfull \hbox (48.0pt too wide) in paragraph at lines 107--124
 [][] 
 []


Overfull \hbox (46.5008pt too wide) in paragraph at lines 159--161
[][][]
 []

<images/microbeEco4.pdf, id=26, 963.6pt x 542.025pt>
File: images/microbeEco4.pdf Graphic file (type pdf)

<use images/microbeEco4.pdf>
Package pdftex.def Info: images/microbeEco4.pdf used on input line 166.
(pdftex.def)             Requested size: 289.08223pt x 162.60875pt.
 [5 <./images/Fig1Schematic.pdf>] [6 <./images/microbeEco4.pdf>] [7] [8]
Overfull \hbox (17.9878pt too wide) in paragraph at lines 207--228
 [][] 
 []

Package epstopdf Info: Source file: <images/BMpdbarSmall.eps>
(epstopdf)                    date: 2022-06-13 17:35:39
(epstopdf)                    size: 13617 bytes
(epstopdf)             Output file: <images/BMpdbarSmall-eps-converted-to.pdf>
(epstopdf)                    date: 2022-07-01 11:42:50
(epstopdf)                    size: 14388 bytes
(epstopdf)             Command: <repstopdf --outfile=images/BMpdbarSmall-eps-co
nverted-to.pdf images/BMpdbarSmall.eps>
(epstopdf)             \includegraphics on input line 243.
Package epstopdf Info: Output file is already uptodate.


pdfTeX warning: pdflatex (file ./images/BMpdbarSmall-eps-converted-to.pdf): PDF
 inclusion: found PDF version <1.7>, but at most version <1.5> allowed
<images/BMpdbarSmall-eps-converted-to.pdf, id=73, 288.07625pt x 504.88625pt>
File: images/BMpdbarSmall-eps-converted-to.pdf Graphic file (type pdf)

<use images/BMpdbarSmall-eps-converted-to.pdf>
Package pdftex.def Info: images/BMpdbarSmall-eps-converted-to.pdf used on input
 line 243.
(pdftex.def)             Requested size: 100.82819pt x 176.71283pt.
Package epstopdf Info: Source file: <images/fixpHbarSmall.eps>
(epstopdf)                    date: 2022-06-13 17:35:47
(epstopdf)                    size: 13704 bytes
(epstopdf)             Output file: <images/fixpHbarSmall-eps-converted-to.pdf>

(epstopdf)                    date: 2022-07-01 11:42:50
(epstopdf)                    size: 14281 bytes
(epstopdf)             Command: <repstopdf --outfile=images/fixpHbarSmall-eps-c
onverted-to.pdf images/fixpHbarSmall.eps>
(epstopdf)             \includegraphics on input line 247.
Package epstopdf Info: Output file is already uptodate.


pdfTeX warning: pdflatex (file ./images/fixpHbarSmall-eps-converted-to.pdf): PD
F inclusion: found PDF version <1.7>, but at most version <1.5> allowed
<images/fixpHbarSmall-eps-converted-to.pdf, id=74, 288.07625pt x 504.88625pt>
File: images/fixpHbarSmall-eps-converted-to.pdf Graphic file (type pdf)

<use images/fixpHbarSmall-eps-converted-to.pdf>
Package pdftex.def Info: images/fixpHbarSmall-eps-converted-to.pdf used on inpu
t line 247.
(pdftex.def)             Requested size: 100.82819pt x 176.71283pt.
Package epstopdf Info: Source file: <images/transitTimebarSmall.eps>
(epstopdf)                    date: 2022-06-13 17:36:00
(epstopdf)                    size: 22639 bytes
(epstopdf)             Output file: <images/transitTimebarSmall-eps-converted-t
o.pdf>
(epstopdf)                    date: 2022-07-01 11:42:51
(epstopdf)                    size: 16055 bytes
(epstopdf)             Command: <repstopdf --outfile=images/transitTimebarSmall
-eps-converted-to.pdf images/transitTimebarSmall.eps>
(epstopdf)             \includegraphics on input line 251.
Package epstopdf Info: Output file is already uptodate.


pdfTeX warning: pdflatex (file ./images/transitTimebarSmall-eps-converted-to.pd
f): PDF inclusion: found PDF version <1.7>, but at most version <1.5> allowed

<images/transitTimebarSmall-eps-converted-to.pdf, id=75, 288.07625pt x 504.8862
5pt>
File: images/transitTimebarSmall-eps-converted-to.pdf Graphic file (type pdf)
 <use images/transitTimebarSmall-eps-converted-to.pdf>
Package pdftex.def Info: images/transitTimebarSmall-eps-converted-to.pdf used o
n input line 251.
(pdftex.def)             Requested size: 100.82819pt x 176.71283pt.
Package epstopdf Info: Source file: <images/transitTimeTS.eps>
(epstopdf)                    date: 2022-06-13 17:36:18
(epstopdf)                    size: 19187407 bytes
(epstopdf)             Output file: <images/transitTimeTS-eps-converted-to.pdf>

(epstopdf)                    date: 2022-07-01 11:43:10
(epstopdf)                    size: 2969320 bytes
(epstopdf)             Command: <repstopdf --outfile=images/transitTimeTS-eps-c
onverted-to.pdf images/transitTimeTS.eps>
(epstopdf)             \includegraphics on input line 263.
Package epstopdf Info: Output file is already uptodate.


pdfTeX warning: pdflatex (file ./images/transitTimeTS-eps-converted-to.pdf): PD
F inclusion: found PDF version <1.7>, but at most version <1.5> allowed
<images/transitTimeTS-eps-converted-to.pdf, id=76, 866.23625pt x 433.62pt>
File: images/transitTimeTS-eps-converted-to.pdf Graphic file (type pdf)

<use images/transitTimeTS-eps-converted-to.pdf>
Package pdftex.def Info: images/transitTimeTS-eps-converted-to.pdf used on inpu
t line 263.
(pdftex.def)             Requested size: 433.11707pt x 216.80946pt.

Overfull \hbox (88.11707pt too wide) in paragraph at lines 263--266
 [][] 
 []

[9] [10 <./images/BMpdbarSmall-eps-converted-to.pdf> <./images/fixpHbarSmall-ep
s-converted-to.pdf> <./images/transitTimebarSmall-eps-converted-to.pdf> <./imag
es/transitTimeTS-eps-converted-to.pdf>] [11] [12]
<images/Table3.pdf, id=132, 418.36299pt x 242.50601pt>
File: images/Table3.pdf Graphic file (type pdf)
 <use images/Table3.pdf>
Package pdftex.def Info: images/Table3.pdf used on input line 328.
(pdftex.def)             Requested size: 167.34222pt x 97.00067pt.
Package epstopdf Info: Source file: <images/InVivoExptsNew.eps>
(epstopdf)                    date: 2022-09-06 12:27:55
(epstopdf)                    size: 7436 bytes
(epstopdf)             Output file: <images/InVivoExptsNew-eps-converted-to.pdf
>
(epstopdf)                    date: 2022-09-06 11:31:13
(epstopdf)                    size: 12939 bytes
(epstopdf)             Command: <repstopdf --outfile=images/InVivoExptsNew-eps-
converted-to.pdf images/InVivoExptsNew.eps>
(epstopdf)             \includegraphics on input line 329.
runsystem(repstopdf --outfile=images/InVivoExptsNew-eps-converted-to.pdf images
/InVivoExptsNew.eps)...executed safely (allowed).

Package epstopdf Info: Result file: <images/InVivoExptsNew-eps-converted-to.pdf
>
(epstopdf)                    date: 2022-09-06 12:28:33
(epstopdf)                    size: 12939 bytes.


pdfTeX warning: pdflatex (file ./images/InVivoExptsNew-eps-converted-to.pdf): P
DF inclusion: found PDF version <1.7>, but at most version <1.5> allowed

<images/InVivoExptsNew-eps-converted-to.pdf, id=133, 721.69624pt x 504.88625pt>
File: images/InVivoExptsNew-eps-converted-to.pdf Graphic file (type pdf)
<use images/InVivoExptsNew-eps-converted-to.pdf>
Package pdftex.def Info: images/InVivoExptsNew-eps-converted-to.pdf used on inp
ut line 329.
(pdftex.def)             Requested size: 173.21063pt x 121.17517pt.
Package epstopdf Info: Source file: <images/modelledDuncanExpt.eps>
(epstopdf)                    date: 2022-06-13 17:36:49
(epstopdf)                    size: 35810 bytes
(epstopdf)             Output file: <images/modelledDuncanExpt-eps-converted-to
.pdf>
(epstopdf)                    date: 2022-07-01 11:43:10
(epstopdf)                    size: 19011 bytes
(epstopdf)             Command: <repstopdf --outfile=images/modelledDuncanExpt-
eps-converted-to.pdf images/modelledDuncanExpt.eps>
(epstopdf)             \includegraphics on input line 339.
Package epstopdf Info: Output file is already uptodate.


pdfTeX warning: pdflatex (file ./images/modelledDuncanExpt-eps-converted-to.pdf
): PDF inclusion: found PDF version <1.7>, but at most version <1.5> allowed

<images/modelledDuncanExpt-eps-converted-to.pdf, id=134, 721.69624pt x 504.8862
5pt>
File: images/modelledDuncanExpt-eps-converted-to.pdf Graphic file (type pdf)
 <use images/modelledDuncanExpt-eps-converted-to.pdf>
Package pdftex.def Info: images/modelledDuncanExpt-eps-converted-to.pdf used on
 input line 339.
(pdftex.def)             Requested size: 288.67339pt x 201.95091pt.
Package epstopdf Info: Source file: <images/ButyrateCProteinExpt.eps>
(epstopdf)                    date: 2022-06-13 17:37:02
(epstopdf)                    size: 14420 bytes
(epstopdf)             Output file: <images/ButyrateCProteinExpt-eps-converted-
to.pdf>
(epstopdf)                    date: 2022-07-01 11:43:10
(epstopdf)                    size: 13674 bytes
(epstopdf)             Command: <repstopdf --outfile=images/ButyrateCProteinExp
t-eps-converted-to.pdf images/ButyrateCProteinExpt.eps>
(epstopdf)             \includegraphics on input line 348.
Package epstopdf Info: Output file is already uptodate.


pdfTeX warning: pdflatex (file ./images/ButyrateCProteinExpt-eps-converted-to.p
df): PDF inclusion: found PDF version <1.7>, but at most version <1.5> allowed

<images/ButyrateCProteinExpt-eps-converted-to.pdf, id=135, 1010.77625pt x 504.8
8625pt>
File: images/ButyrateCProteinExpt-eps-converted-to.pdf Graphic file (type pdf)
 <use images/ButyrateCProteinExpt-eps-converted-to.pdf>
Package pdftex.def Info: images/ButyrateCProteinExpt-eps-converted-to.pdf used 
on input line 348.
(pdftex.def)             Requested size: 303.23521pt x 151.46703pt.
 [13 <./images/Table3.pdf> <./images/InVivoExptsNew-eps-converted-to.pdf>] [14 
<./images/modelledDuncanExpt-eps-converted-to.pdf> <./images/ButyrateCProteinEx
pt-eps-converted-to.pdf>]
Package epstopdf Info: Source file: <images/modelledRSfrac.eps>
(epstopdf)                    date: 2022-06-13 17:37:16
(epstopdf)                    size: 30165 bytes
(epstopdf)             Output file: <images/modelledRSfrac-eps-converted-to.pdf
>
(epstopdf)                    date: 2022-07-01 11:43:11
(epstopdf)                    size: 17735 bytes
(epstopdf)             Command: <repstopdf --outfile=images/modelledRSfrac-eps-
converted-to.pdf images/modelledRSfrac.eps>
(epstopdf)             \includegraphics on input line 386.
Package epstopdf Info: Output file is already uptodate.


pdfTeX warning: pdflatex (file ./images/modelledRSfrac-eps-converted-to.pdf): P
DF inclusion: found PDF version <1.7>, but at most version <1.5> allowed

<images/modelledRSfrac-eps-converted-to.pdf, id=175, 721.69624pt x 504.88625pt>
File: images/modelledRSfrac-eps-converted-to.pdf Graphic file (type pdf)
<use images/modelledRSfrac-eps-converted-to.pdf>
Package pdftex.def Info: images/modelledRSfrac-eps-converted-to.pdf used on inp
ut line 386.
(pdftex.def)             Requested size: 360.84724pt x 252.44249pt.

Overfull \hbox (15.84724pt too wide) in paragraph at lines 386--389
 [][] 
 []

[15] [16 <./images/modelledRSfrac-eps-converted-to.pdf>]
Missing character: There is no ‚ in font cmr10!
Missing character: There is no Ä in font cmr10!
Missing character: There is no ò in font cmr10!
Missing character: There is no ‚ in font cmr10!
Missing character: There is no Ä in font cmr10!
Missing character: There is no ô in font cmr10!
 [17] [18]
LaTeX Font Info:    Try loading font information for OMS+cmr on input line 427.


(/usr/share/texlive/texmf-dist/tex/latex/base/omscmr.fd
File: omscmr.fd 1999/05/25 v2.5h Standard LaTeX font definitions
)
LaTeX Font Info:    Font shape `OMS/cmr/m/n' in size <10> not available
(Font)              Font shape `OMS/cmsy/m/n' tried instead on input line 427.
 [19] [20]
Overfull \hbox (66.32022pt too wide) in paragraph at lines 447--448
\OT1/cmr/m/n/10 searchers we pro-vide all model code on github (https://github.
com/HelenKettle/microPopGut).
 []


Overfull \hbox (49.00246pt too wide) in paragraph at lines 447--448
\OT1/cmr/m/n/10 This can be down-loaded and in-stalled in R us-ing in-stall.pac
kages(`microPopGut[]1.0.tar.gz').
 []

[21] [22] [23] [24]
Package epstopdf Info: Source file: <images/inflowGamma.eps>
(epstopdf)                    date: 2022-06-13 17:37:37
(epstopdf)                    size: 325120 bytes
(epstopdf)             Output file: <images/inflowGamma-eps-converted-to.pdf>
(epstopdf)                    date: 2022-07-01 11:43:11
(epstopdf)                    size: 105691 bytes
(epstopdf)             Command: <repstopdf --outfile=images/inflowGamma-eps-con
verted-to.pdf images/inflowGamma.eps>
(epstopdf)             \includegraphics on input line 519.
Package epstopdf Info: Output file is already uptodate.


pdfTeX warning: pdflatex (file ./images/inflowGamma-eps-converted-to.pdf): PDF 
inclusion: found PDF version <1.7>, but at most version <1.5> allowed
<images/inflowGamma-eps-converted-to.pdf, id=223, 504.88625pt x 504.88625pt>
File: images/inflowGamma-eps-converted-to.pdf Graphic file (type pdf)

<use images/inflowGamma-eps-converted-to.pdf>
Package pdftex.def Info: images/inflowGamma-eps-converted-to.pdf used on input 
line 519.
(pdftex.def)             Requested size: 126.22124pt x 126.22124pt.
Package epstopdf Info: Source file: <images/inflowTS.eps>
(epstopdf)                    date: 2022-06-13 17:37:37
(epstopdf)                    size: 440012 bytes
(epstopdf)             Output file: <images/inflowTS-eps-converted-to.pdf>
(epstopdf)                    date: 2022-07-01 11:43:12
(epstopdf)                    size: 169402 bytes
(epstopdf)             Command: <repstopdf --outfile=images/inflowTS-eps-conver
ted-to.pdf images/inflowTS.eps>
(epstopdf)             \includegraphics on input line 520.
Package epstopdf Info: Output file is already uptodate.


pdfTeX warning: pdflatex (file ./images/inflowTS-eps-converted-to.pdf): PDF inc
lusion: found PDF version <1.7>, but at most version <1.5> allowed
<images/inflowTS-eps-converted-to.pdf, id=224, 504.88625pt x 504.88625pt>
File: images/inflowTS-eps-converted-to.pdf Graphic file (type pdf)

<use images/inflowTS-eps-converted-to.pdf>
Package pdftex.def Info: images/inflowTS-eps-converted-to.pdf used on input lin
e 520.
(pdftex.def)             Requested size: 201.95091pt x 201.95091pt.
Package epstopdf Info: Source file: <images/inflowComp.eps>
(epstopdf)                    date: 2022-06-13 17:37:37
(epstopdf)                    size: 14691 bytes
(epstopdf)             Output file: <images/inflowComp-eps-converted-to.pdf>
(epstopdf)                    date: 2022-07-01 11:43:12
(epstopdf)                    size: 13999 bytes
(epstopdf)             Command: <repstopdf --outfile=images/inflowComp-eps-conv
erted-to.pdf images/inflowComp.eps>
(epstopdf)             \includegraphics on input line 521.
Package epstopdf Info: Output file is already uptodate.


pdfTeX warning: pdflatex (file ./images/inflowComp-eps-converted-to.pdf): PDF i
nclusion: found PDF version <1.7>, but at most version <1.5> allowed
<images/inflowComp-eps-converted-to.pdf, id=225, 649.42625pt x 504.88625pt>
File: images/inflowComp-eps-converted-to.pdf Graphic file (type pdf)

<use images/inflowComp-eps-converted-to.pdf>
Package pdftex.def Info: images/inflowComp-eps-converted-to.pdf used on input l
ine 521.
(pdftex.def)             Requested size: 324.71233pt x 252.44249pt.
 [25] [26 <./images/inflowGamma-eps-converted-to.pdf> <./images/inflowTS-eps-co
nverted-to.pdf> <./images/inflowComp-eps-converted-to.pdf>] [27]
Package epstopdf Info: Source file: <images/pHTSCFAandTol.eps>
(epstopdf)                    date: 2022-06-13 17:37:56
(epstopdf)                    size: 8430 bytes
(epstopdf)             Output file: <images/pHTSCFAandTol-eps-converted-to.pdf>

(epstopdf)                    date: 2022-07-01 11:43:13
(epstopdf)                    size: 14710 bytes
(epstopdf)             Command: <repstopdf --outfile=images/pHTSCFAandTol-eps-c
onverted-to.pdf images/pHTSCFAandTol.eps>
(epstopdf)             \includegraphics on input line 572.
Package epstopdf Info: Output file is already uptodate.


pdfTeX warning: pdflatex (file ./images/pHTSCFAandTol-eps-converted-to.pdf): PD
F inclusion: found PDF version <1.7>, but at most version <1.5> allowed
<images/pHTSCFAandTol-eps-converted-to.pdf, id=266, 721.69624pt x 433.62pt>
File: images/pHTSCFAandTol-eps-converted-to.pdf Graphic file (type pdf)

<use images/pHTSCFAandTol-eps-converted-to.pdf>
Package pdftex.def Info: images/pHTSCFAandTol-eps-converted-to.pdf used on inpu
t line 572.
(pdftex.def)             Requested size: 216.51054pt x 130.087pt.
 [28] [29 <./images/pHTSCFAandTol-eps-converted-to.pdf>] (./ManuscriptForPress.
bbl [30]
Missing character: There is no ‚ in font cmr10!
Missing character: There is no Ä in font cmr10!
Missing character: There is no ê in font cmr10!
 [31] [32] [33])
[34] (./ManuscriptForPress.aux) ) 
Here is how much of TeX's memory you used:
 4522 strings out of 495063
 66524 string characters out of 3182201
 139331 words of memory out of 3000000
 7631 multiletter control sequences out of 15000+200000
 11459 words of font info for 41 fonts, out of 3000000 for 9000
 14 hyphenation exceptions out of 8191
 42i,11n,41p,1241b,447s stack positions out of 5000i,500n,10000p,200000b,50000s
</usr/share/texlive/texmf-dist/fonts/type1/pub
lic/amsfonts/cm/cmbx10.pfb></usr/share/texlive/texmf-dist/fonts/type1/public/am
sfonts/cm/cmbx12.pfb></usr/share/texlive/texmf-dist/fonts/type1/public/amsfonts
/cm/cmbx9.pfb></usr/share/texlive/texmf-dist/fonts/type1/public/amsfonts/cm/cmm
i10.pfb></usr/share/texlive/texmf-dist/fonts/type1/public/amsfonts/cm/cmmi6.pfb
></usr/share/texlive/texmf-dist/fonts/type1/public/amsfonts/cm/cmmi7.pfb></usr/
share/texlive/texmf-dist/fonts/type1/public/amsfonts/cm/cmmi9.pfb></usr/share/t
exlive/texmf-dist/fonts/type1/public/amsfonts/cm/cmr10.pfb></usr/share/texlive/
texmf-dist/fonts/type1/public/amsfonts/cm/cmr12.pfb></usr/share/texlive/texmf-d
ist/fonts/type1/public/amsfonts/cm/cmr17.pfb></usr/share/texlive/texmf-dist/fon
ts/type1/public/amsfonts/cm/cmr6.pfb></usr/share/texlive/texmf-dist/fonts/type1
/public/amsfonts/cm/cmr7.pfb></usr/share/texlive/texmf-dist/fonts/type1/public/
amsfonts/cm/cmr8.pfb></usr/share/texlive/texmf-dist/fonts/type1/public/amsfonts
/cm/cmr9.pfb></usr/share/texlive/texmf-dist/fonts/type1/public/amsfonts/cm/cmss
8.pfb></usr/share/texlive/texmf-dist/fonts/type1/public/amsfonts/cm/cmsy10.pfb>
</usr/share/texlive/texmf-dist/fonts/type1/public/amsfonts/cm/cmsy6.pfb></usr/s
hare/texlive/texmf-dist/fonts/type1/public/amsfonts/cm/cmsy7.pfb></usr/share/te
xlive/texmf-dist/fonts/type1/public/amsfonts/cm/cmti10.pfb></usr/share/texlive/
texmf-dist/fonts/type1/public/amsfonts/cm/cmti9.pfb>
Output written on ManuscriptForPress.pdf (34 pages, 4368536 bytes).
PDF statistics:
 363 PDF objects out of 1000 (max. 8388607)
 244 compressed objects within 3 object streams
 0 named destinations out of 1000 (max. 500000)
 76 words of extra memory for PDF output out of 10000 (max. 10000000)

