This is pdfTeX, Version 3.1415926-2.5-1.40.14 (TeX Live 2013) (format=pdflatex 2020.12.2)  10 AUG 2022 12:46
entering extended mode
 restricted \write18 enabled.
 %&-line parsing enabled.
**manuscript1.tex
(./manuscript1.tex
LaTeX2e <2011/06/27>
Babel <v3.8m> and hyphenation patterns for english, dumylang, nohyphenation, lo
aded.
(/usr/share/texlive/texmf-dist/tex/latex/base/article.cls
Document Class: article 2007/10/19 v1.4h Standard LaTeX document class
(/usr/share/texlive/texmf-dist/tex/latex/base/size10.clo
File: size10.clo 2007/10/19 v1.4h Standard LaTeX file (size option)
)
\c@part=\count79
\c@section=\count80
\c@subsection=\count81
\c@subsubsection=\count82
\c@paragraph=\count83
\c@subparagraph=\count84
\c@figure=\count85
\c@table=\count86
\abovecaptionskip=\skip41
\belowcaptionskip=\skip42
\bibindent=\dimen102
)
(/usr/share/texlive/texmf-dist/tex/latex/graphics/graphicx.sty
Package: graphicx 1999/02/16 v1.0f Enhanced LaTeX Graphics (DPC,SPQR)

(/usr/share/texlive/texmf-dist/tex/latex/graphics/keyval.sty
Package: keyval 1999/03/16 v1.13 key=value parser (DPC)
\KV@toks@=\toks14
)
(/usr/share/texlive/texmf-dist/tex/latex/graphics/graphics.sty
Package: graphics 2009/02/05 v1.0o Standard LaTeX Graphics (DPC,SPQR)

(/usr/share/texlive/texmf-dist/tex/latex/graphics/trig.sty
Package: trig 1999/03/16 v1.09 sin cos tan (DPC)
)
(/usr/share/texlive/texmf-dist/tex/latex/latexconfig/graphics.cfg
File: graphics.cfg 2010/04/23 v1.9 graphics configuration of TeX Live
)
Package graphics Info: Driver file: pdftex.def on input line 91.

(/usr/share/texlive/texmf-dist/tex/latex/pdftex-def/pdftex.def
File: pdftex.def 2011/05/27 v0.06d Graphics/color for pdfTeX

(/usr/share/texlive/texmf-dist/tex/generic/oberdiek/infwarerr.sty
Package: infwarerr 2010/04/08 v1.3 Providing info/warning/error messages (HO)
)
(/usr/share/texlive/texmf-dist/tex/generic/oberdiek/ltxcmds.sty
Package: ltxcmds 2011/11/09 v1.22 LaTeX kernel commands for general use (HO)
)
\Gread@gobject=\count87
))
\Gin@req@height=\dimen103
\Gin@req@width=\dimen104
)
(/usr/share/texlive/texmf-dist/tex/latex/amsmath/amsmath.sty
Package: amsmath 2013/01/14 v2.14 AMS math features
\@mathmargin=\skip43

For additional information on amsmath, use the `?' option.
(/usr/share/texlive/texmf-dist/tex/latex/amsmath/amstext.sty
Package: amstext 2000/06/29 v2.01

(/usr/share/texlive/texmf-dist/tex/latex/amsmath/amsgen.sty
File: amsgen.sty 1999/11/30 v2.0
\@emptytoks=\toks15
\ex@=\dimen105
))
(/usr/share/texlive/texmf-dist/tex/latex/amsmath/amsbsy.sty
Package: amsbsy 1999/11/29 v1.2d
\pmbraise@=\dimen106
)
(/usr/share/texlive/texmf-dist/tex/latex/amsmath/amsopn.sty
Package: amsopn 1999/12/14 v2.01 operator names
)
\inf@bad=\count88
LaTeX Info: Redefining \frac on input line 210.
\uproot@=\count89
\leftroot@=\count90
LaTeX Info: Redefining \overline on input line 306.
\classnum@=\count91
\DOTSCASE@=\count92
LaTeX Info: Redefining \ldots on input line 378.
LaTeX Info: Redefining \dots on input line 381.
LaTeX Info: Redefining \cdots on input line 466.
\Mathstrutbox@=\box26
\strutbox@=\box27
\big@size=\dimen107
LaTeX Font Info:    Redeclaring font encoding OML on input line 566.
LaTeX Font Info:    Redeclaring font encoding OMS on input line 567.
\macc@depth=\count93
\c@MaxMatrixCols=\count94
\dotsspace@=\muskip10
\c@parentequation=\count95
\dspbrk@lvl=\count96
\tag@help=\toks16
\row@=\count97
\column@=\count98
\maxfields@=\count99
\andhelp@=\toks17
\eqnshift@=\dimen108
\alignsep@=\dimen109
\tagshift@=\dimen110
\tagwidth@=\dimen111
\totwidth@=\dimen112
\lineht@=\dimen113
\@envbody=\toks18
\multlinegap=\skip44
\multlinetaggap=\skip45
\mathdisplay@stack=\toks19
LaTeX Info: Redefining \[ on input line 2665.
LaTeX Info: Redefining \] on input line 2666.
)
(/usr/share/texlive/texmf-dist/tex/latex/tools/xr.sty
Package: xr 1994/05/28 v5.02 eXternal References (DPC)
)
(/usr/share/texlive/texmf-dist/tex/latex/caption/subcaption.sty
Package: subcaption 2013/02/03 v1.1-62 Sub-captions (AR)

(/usr/share/texlive/texmf-dist/tex/latex/caption/caption.sty
Package: caption 2013/02/03 v3.3-65 Customizing captions (AR)

(/usr/share/texlive/texmf-dist/tex/latex/caption/caption3.sty
Package: caption3 2013/02/03 v1.5-62 caption3 kernel (AR)
\captionmargin=\dimen114
\captionmargin@=\dimen115
\captionwidth=\dimen116
\caption@tempdima=\dimen117
\caption@indent=\dimen118
\caption@parindent=\dimen119
\caption@hangindent=\dimen120
)
\c@ContinuedFloat=\count100
)
\c@subfigure=\count101
\c@subtable=\count102
)
(/usr/share/texlive/texmf-dist/tex/latex/preprint/authblk.sty
Package: authblk 2009/11/18 1.3 (PWD)
\affilsep=\skip46
\@affilsep=\skip47
\c@Maxaffil=\count103
\c@authors=\count104
\c@affil=\count105
)
(/usr/share/texlive/texmf-dist/tex/latex/natbib/natbib.sty
Package: natbib 2010/09/13 8.31b (PWD, AO)
\bibhang=\skip48
\bibsep=\skip49
LaTeX Info: Redefining \cite on input line 694.
\c@NAT@ctr=\count106
)
(/usr/share/texlive/texmf-dist/tex/latex/lineno/lineno.sty
Package: lineno 2005/11/02 line numbers on paragraphs v4.41
\linenopenalty=\count107
\output=\toks20
\linenoprevgraf=\count108
\linenumbersep=\dimen121
\linenumberwidth=\dimen122
\c@linenumber=\count109
\c@pagewiselinenumber=\count110
\c@LN@truepage=\count111
\c@internallinenumber=\count112
\c@internallinenumbers=\count113
\quotelinenumbersep=\dimen123
\bframerule=\dimen124
\bframesep=\dimen125
\bframebox=\box28
LaTeX Info: Redefining \\ on input line 3056.
)
(/usr/share/texlive/texmf-dist/tex/latex/xcolor/xcolor.sty
Package: xcolor 2007/01/21 v2.11 LaTeX color extensions (UK)

(/usr/share/texlive/texmf-dist/tex/latex/latexconfig/color.cfg
File: color.cfg 2007/01/18 v1.5 color configuration of teTeX/TeXLive
)
Package xcolor Info: Driver file: pdftex.def on input line 225.
Package xcolor Info: Model `cmy' substituted by `cmy0' on input line 1337.
Package xcolor Info: Model `hsb' substituted by `rgb' on input line 1341.
Package xcolor Info: Model `RGB' extended on input line 1353.
Package xcolor Info: Model `HTML' substituted by `rgb' on input line 1355.
Package xcolor Info: Model `Hsb' substituted by `hsb' on input line 1356.
Package xcolor Info: Model `tHsb' substituted by `hsb' on input line 1357.
Package xcolor Info: Model `HSB' substituted by `hsb' on input line 1358.
Package xcolor Info: Model `Gray' substituted by `gray' on input line 1359.
Package xcolor Info: Model `wave' substituted by `hsb' on input line 1360.
)

Package xr Warning: 
No file Appendix.aux
LABELS NOT IMPORTED.
 on input line 20.

No file manuscript1.aux.
\openout1 = `manuscript1.aux'.

LaTeX Font Info:    Checking defaults for OML/cmm/m/it on input line 24.
LaTeX Font Info:    ... okay on input line 24.
LaTeX Font Info:    Checking defaults for T1/cmr/m/n on input line 24.
LaTeX Font Info:    ... okay on input line 24.
LaTeX Font Info:    Checking defaults for OT1/cmr/m/n on input line 24.
LaTeX Font Info:    ... okay on input line 24.
LaTeX Font Info:    Checking defaults for OMS/cmsy/m/n on input line 24.
LaTeX Font Info:    ... okay on input line 24.
LaTeX Font Info:    Checking defaults for OMX/cmex/m/n on input line 24.
LaTeX Font Info:    ... okay on input line 24.
LaTeX Font Info:    Checking defaults for U/cmr/m/n on input line 24.
LaTeX Font Info:    ... okay on input line 24.
(/usr/share/texlive/texmf-dist/tex/context/base/supp-pdf.mkii
[Loading MPS to PDF converter (version 2006.09.02).]
\scratchcounter=\count114
\scratchdimen=\dimen126
\scratchbox=\box29
\nofMPsegments=\count115
\nofMParguments=\count116
\everyMPshowfont=\toks21
\MPscratchCnt=\count117
\MPscratchDim=\dimen127
\MPnumerator=\count118
\makeMPintoPDFobject=\count119
\everyMPtoPDFconversion=\toks22
) (/usr/share/texlive/texmf-dist/tex/generic/oberdiek/pdftexcmds.sty
Package: pdftexcmds 2011/11/29 v0.20 Utility functions of pdfTeX for LuaTeX (HO
)

(/usr/share/texlive/texmf-dist/tex/generic/oberdiek/ifluatex.sty
Package: ifluatex 2010/03/01 v1.3 Provides the ifluatex switch (HO)
Package ifluatex Info: LuaTeX not detected.
)
(/usr/share/texlive/texmf-dist/tex/generic/oberdiek/ifpdf.sty
Package: ifpdf 2011/01/30 v2.3 Provides the ifpdf switch (HO)
Package ifpdf Info: pdfTeX in PDF mode is detected.
)
Package pdftexcmds Info: LuaTeX not detected.
Package pdftexcmds Info: \pdf@primitive is available.
Package pdftexcmds Info: \pdf@ifprimitive is available.
Package pdftexcmds Info: \pdfdraftmode found.
)
(/usr/share/texlive/texmf-dist/tex/latex/oberdiek/epstopdf-base.sty
Package: epstopdf-base 2010/02/09 v2.5 Base part for package epstopdf

(/usr/share/texlive/texmf-dist/tex/latex/oberdiek/grfext.sty
Package: grfext 2010/08/19 v1.1 Manage graphics extensions (HO)

(/usr/share/texlive/texmf-dist/tex/generic/oberdiek/kvdefinekeys.sty
Package: kvdefinekeys 2011/04/07 v1.3 Define keys (HO)
))
(/usr/share/texlive/texmf-dist/tex/latex/oberdiek/kvoptions.sty
Package: kvoptions 2011/06/30 v3.11 Key value format for package options (HO)

(/usr/share/texlive/texmf-dist/tex/generic/oberdiek/kvsetkeys.sty
Package: kvsetkeys 2012/04/25 v1.16 Key value parser (HO)

(/usr/share/texlive/texmf-dist/tex/generic/oberdiek/etexcmds.sty
Package: etexcmds 2011/02/16 v1.5 Avoid name clashes with e-TeX commands (HO)
Package etexcmds Info: Could not find \expanded.
(etexcmds)             That can mean that you are not using pdfTeX 1.50 or
(etexcmds)             that some package has redefined \expanded.
(etexcmds)             In the latter case, load this package earlier.
)))
Package grfext Info: Graphics extension search list:
(grfext)             [.png,.pdf,.jpg,.mps,.jpeg,.jbig2,.jb2,.PNG,.PDF,.JPG,.JPE
G,.JBIG2,.JB2,.eps]
(grfext)             \AppendGraphicsExtensions on input line 452.

(/usr/share/texlive/texmf-dist/tex/latex/latexconfig/epstopdf-sys.cfg
File: epstopdf-sys.cfg 2010/07/13 v1.3 Configuration of (r)epstopdf for TeX Liv
e
))
Package caption Info: Begin \AtBeginDocument code.
Package caption Info: End \AtBeginDocument code.


Package natbib Warning: Citation `Kettle2015' on page 1 undefined on input line
 37.


Package natbib Warning: Citation `health1' on page 1 undefined on input line 44
.


Package natbib Warning: Citation `health2' on page 1 undefined on input line 44
.


Package natbib Warning: Citation `Cremer16' on page 1 undefined on input line 4
5.


Package natbib Warning: Citation `Cremer17' on page 1 undefined on input line 4
5.


Package natbib Warning: Citation `Munoz' on page 1 undefined on input line 45.


Package natbib Warning: Citation `smith' on page 1 undefined on input line 45.


Package natbib Warning: Citation `moorthy' on page 1 undefined on input line 45
.


Package natbib Warning: Citation `Cremer16' on page 1 undefined on input line 4
7.


Package natbib Warning: Citation `Cremer17' on page 1 undefined on input line 4
7.


Package natbib Warning: Citation `Munoz' on page 1 undefined on input line 47.


Package natbib Warning: Citation `smith' on page 1 undefined on input line 47.


Package natbib Warning: Citation `Kettle2015' on page 1 undefined on input line
 48.


Package natbib Warning: Citation `Kettle2018' on page 1 undefined on input line
 48.


LaTeX Warning: Reference `table:groups' on page 1 undefined on input line 48.

[1

{/usr/share/texlive/texmf/fonts/map/pdftex/updmap/pdftex.map}]

LaTeX Warning: Reference `fig:Validation' on page 2 undefined on input line 53.



LaTeX Warning: Reference `fig:schematic' on page 2 undefined on input line 56.


Package natbib Warning: Citation `cummings' on page 2 undefined on input line 6
0.


Package natbib Warning: Citation `cummings' on page 2 undefined on input line 6
1.


Package natbib Warning: Citation `Topping' on page 2 undefined on input line 62
.


Package natbib Warning: Citation `Phillips' on page 2 undefined on input line 6
3.


Package natbib Warning: Citation `cummings' on page 2 undefined on input line 6
4.


Package natbib Warning: Citation `StephenCummings' on page 2 undefined on input
 line 65.


Package natbib Warning: Citation `Lewis' on page 2 undefined on input line 66.

[2]

LaTeX Warning: File `colon4.pdf' not found on input line 74.


! Package pdftex.def Error: File `colon4.pdf' not found.

See the pdftex.def package documentation for explanation.
Type  H <return>  for immediate help.
 ...                                              
                                                  
l.74 ...  \includegraphics[scale=0.35]{colon4.pdf}
                                                  
? 

Package natbib Warning: Citation `Kettle2018' on page 3 undefined on input line
 84.


Package natbib Warning: Citation `Kettle2015' on page 3 undefined on input line
 84.


Package natbib Warning: Citation `Kettle2018' on page 3 undefined on input line
 84.


Package natbib Warning: Citation `Kettle2015' on page 3 undefined on input line
 84.


Overfull \hbox (2.70206pt too wide) in paragraph at lines 94--94
[]\OT1/cmr/m/n/9 Abbr.| 
 []


Underfull \hbox (badness 10000) in paragraph at lines 96--96
[]\OT1/cmr/m/n/9 Acetate-propionate-
 []


Overfull \hbox (4.9923pt too wide) in paragraph at lines 97--97
[]\OT1/cmr/m/n/9 NBSD| 
 []


Underfull \hbox (badness 10000) in paragraph at lines 97--97
[]\OT1/cmr/m/n/9 Non-butyrate-forming
 []


Overfull \hbox (5.89088pt too wide) in paragraph at lines 98--98
[]\OT1/cmr/m/n/9 NBFD| 
 []


Underfull \hbox (badness 1454) in paragraph at lines 98--98
[]\OT1/cmr/m/n/9 Non-butyrate-forming fi-
 []


Underfull \hbox (badness 1502) in paragraph at lines 98--99
\OT1/cmr/m/it/9 minococ-cus al-bus\OT1/cmr/m/n/9 , \OT1/cmr/m/it/9 Ru-minococ-c
us
 []


Underfull \hbox (badness 10000) in paragraph at lines 99--100
[]\OT1/cmr/m/it/9 Actinobacteria\OT1/cmr/m/n/9 , es-pe-cially \OT1/cmr/m/it/9 B
i-
 []


Underfull \hbox (badness 10000) in paragraph at lines 99--100
\OT1/cmr/m/it/9 fi-dobac-terium \OT1/cmr/m/n/9 spp., \OT1/cmr/m/it/9 Collinsell
a
 []


Underfull \hbox (badness 10000) in paragraph at lines 101--102
[]\OT1/cmr/m/n/9 Certain \OT1/cmr/m/it/9 Ru-minococ-caceae\OT1/cmr/m/n/9 , in
 []


Overfull \hbox (2.1086pt too wide) in paragraph at lines 102--102
[]\OT1/cmr/m/n/9 PropionateProducers| 
 []


Underfull \hbox (badness 1342) in paragraph at lines 102--103
[]\OT1/cmr/m/it/9 Veillonellaceae \OT1/cmr/m/n/9 e.g. \OT1/cmr/m/it/9 Veil-lone
lla
 []


Underfull \hbox (badness 10000) in paragraph at lines 104--105
[]\OT1/cmr/m/n/9 Certain \OT1/cmr/m/it/9 Lach-nospiraceae\OT1/cmr/m/n/9 , e.g.
 []


Overfull \hbox (48.0pt too wide) in paragraph at lines 91--108
 [][] 
 []


LaTeX Warning: File `microbeEco4.pdf' not found on input line 114.


! Package pdftex.def Error: File `microbeEco4.pdf' not found.

See the pdftex.def package documentation for explanation.
Type  H <return>  for immediate help.
 ...                                              
                                                  
l.114 ...cludegraphics[scale=0.3]{microbeEco4.pdf}
                                                  
? 

LaTeX Warning: Reference `table:groups' on page 3 undefined on input line 116.


LaTeX Warning: Reference `table:groups' on page 3 undefined on input line 116.


LaTeX Warning: Reference `table:drivers' on page 3 undefined on input line 126.


[3]

LaTeX Warning: Reference `table:Results' on page 4 undefined on input line 130.



LaTeX Warning: Reference `fig:std' on page 4 undefined on input line 130.


LaTeX Warning: Reference `fig:std' on page 4 undefined on input line 131.


LaTeX Warning: Reference `fig:std' on page 4 undefined on input line 132.


LaTeX Warning: Reference `fig:std' on page 4 undefined on input line 133.


LaTeX Warning: Reference `fig:flucInflowTt' on page 4 undefined on input line 1
34.

[4]

LaTeX Warning: Reference `fig:Validation' on page 5 undefined on input line 136
.


Package natbib Warning: Citation `Lewis' on page 5 undefined on input line 137.



LaTeX Warning: Reference `table:Results' on page 5 undefined on input line 140.



Overfull \hbox (17.9878pt too wide) in paragraph at lines 154--175
 [][] 
 []


LaTeX Warning: File `BMpdbarSmall.eps' not found on input line 190.

Package epstopdf Info: Source file: <BMpdbarSmall.eps>
(epstopdf)             Output file: <BMpdbarSmall-eps-converted-to.pdf>
(epstopdf)             Command: <repstopdf --outfile=BMpdbarSmall-eps-converted
-to.pdf BMpdbarSmall.eps>
(epstopdf)             \includegraphics on input line 190.
Package epstopdf Info: Output file is already uptodate.

! Package pdftex.def Error: File `BMpdbarSmall-eps-converted-to.pdf' not found.


See the pdftex.def package documentation for explanation.
Type  H <return>  for immediate help.
 ...                                              
                                                  
l.190 ...udegraphics[scale=0.35]{BMpdbarSmall.eps}
                                                  
? 

LaTeX Warning: File `fixpHbarSmall.eps' not found on input line 194.

Package epstopdf Info: Source file: <fixpHbarSmall.eps>
(epstopdf)             Output file: <fixpHbarSmall-eps-converted-to.pdf>
(epstopdf)             Command: <repstopdf --outfile=fixpHbarSmall-eps-converte
d-to.pdf fixpHbarSmall.eps>
(epstopdf)             \includegraphics on input line 194.
Package epstopdf Info: Output file is already uptodate.

! Package pdftex.def Error: File `fixpHbarSmall-eps-converted-to.pdf' not found
.

See the pdftex.def package documentation for explanation.
Type  H <return>  for immediate help.
 ...                                              
                                                  
l.194 ...degraphics[scale=0.35]{fixpHbarSmall.eps}
                                                  
? 

LaTeX Warning: File `transitTimebarSmall.eps' not found on input line 198.

Package epstopdf Info: Source file: <transitTimebarSmall.eps>
(epstopdf)             Output file: <transitTimebarSmall-eps-converted-to.pdf>
(epstopdf)             Command: <repstopdf --outfile=transitTimebarSmall-eps-co
nverted-to.pdf transitTimebarSmall.eps>
(epstopdf)             \includegraphics on input line 198.
Package epstopdf Info: Output file is already uptodate.

! Package pdftex.def Error: File `transitTimebarSmall-eps-converted-to.pdf' not
 found.

See the pdftex.def package documentation for explanation.
Type  H <return>  for immediate help.
 ...                                              
                                                  
l.198 ...hics[scale=0.35]{transitTimebarSmall.eps}
                                                  
? 

LaTeX Warning: File `transitTimeTS.eps' not found on input line 210.

Package epstopdf Info: Source file: <transitTimeTS.eps>
(epstopdf)             Output file: <transitTimeTS-eps-converted-to.pdf>
(epstopdf)             Command: <repstopdf --outfile=transitTimeTS-eps-converte
d-to.pdf transitTimeTS.eps>
(epstopdf)             \includegraphics on input line 210.
Package epstopdf Info: Output file is already uptodate.

! Package pdftex.def Error: File `transitTimeTS-eps-converted-to.pdf' not found
.

See the pdftex.def package documentation for explanation.
Type  H <return>  for immediate help.
 ...                                              
                                                  
l.210 ...udegraphics[scale=0.5]{transitTimeTS.eps}
                                                  
? 

LaTeX Warning: Reference `table:groups' on page 5 undefined on input line 213.


LaTeX Warning: Reference `table:groups' on page 5 undefined on input line 213.

[5]

Package natbib Warning: Citation `duncan' on page 6 undefined on input line 252
.


LaTeX Warning: Reference `fig:Invivo' on page 6 undefined on input line 252.


Package natbib Warning: Citation `duncan' on page 6 undefined on input line 257
.


Package natbib Warning: Citation `capuano' on page 6 undefined on input line 25
7.


Package natbib Warning: Citation `slavin' on page 6 undefined on input line 257
.

[6]

LaTeX Warning: Reference `fig:resultsDunc' on page 7 undefined on input line 26
1.


LaTeX Warning: Reference `fig:Invivo' on page 7 undefined on input line 261.


Package natbib Warning: Citation `duncan' on page 7 undefined on input line 263
.


LaTeX Warning: Reference `fig:ButyrateVsCforPexpt' on page 7 undefined on input
 line 263.


LaTeX Warning: Reference `fig:ButyrateVsCforPexpt' on page 7 undefined on input
 line 265.


LaTeX Warning: Reference `fig:resultsDunc' on page 7 undefined on input line 26
8.


LaTeX Warning: File `Table3.pdf' not found on input line 274.


! Package pdftex.def Error: File `Table3.pdf' not found.

See the pdftex.def package documentation for explanation.
Type  H <return>  for immediate help.
 ...                                              
                                                  
l.274     \includegraphics[scale=0.4]{Table3.pdf}
                                                 
? 

LaTeX Warning: File `InVivoExpts.eps' not found on input line 275.

Package epstopdf Info: Source file: <InVivoExpts.eps>
(epstopdf)             Output file: <InVivoExpts-eps-converted-to.pdf>
(epstopdf)             Command: <repstopdf --outfile=InVivoExpts-eps-converted-
to.pdf InVivoExpts.eps>
(epstopdf)             \includegraphics on input line 275.
Package epstopdf Info: Output file is already uptodate.

! Package pdftex.def Error: File `InVivoExpts-eps-converted-to.pdf' not found.

See the pdftex.def package documentation for explanation.
Type  H <return>  for immediate help.
 ...                                              
                                                  
l.275 ...cludegraphics[scale=0.2]{InVivoExpts.eps}
                                                  
? 

Package natbib Warning: Citation `duncan' on page 7 undefined on input line 278
.


Package natbib Warning: Citation `walker2011' on page 7 undefined on input line
 278.


Package natbib Warning: Citation `walker2011' on page 7 undefined on input line
 278.


Package natbib Warning: Citation `duncan' on page 7 undefined on input line 278
.


Package natbib Warning: Citation `walker2011' on page 7 undefined on input line
 278.


Package natbib Warning: Citation `walker2011' on page 7 undefined on input line
 278.


LaTeX Warning: File `modelledDuncanExpt.eps' not found on input line 285.

Package epstopdf Info: Source file: <modelledDuncanExpt.eps>
(epstopdf)             Output file: <modelledDuncanExpt-eps-converted-to.pdf>
(epstopdf)             Command: <repstopdf --outfile=modelledDuncanExpt-eps-con
verted-to.pdf modelledDuncanExpt.eps>
(epstopdf)             \includegraphics on input line 285.
Package epstopdf Info: Output file is already uptodate.

! Package pdftex.def Error: File `modelledDuncanExpt-eps-converted-to.pdf' not 
found.

See the pdftex.def package documentation for explanation.
Type  H <return>  for immediate help.
 ...                                              
                                                  
l.285 ...aphics[scale=0.4]{modelledDuncanExpt.eps}
                                                  
? 

LaTeX Warning: File `ButyrateCProteinExpt.eps' not found on input line 294.

Package epstopdf Info: Source file: <ButyrateCProteinExpt.eps>
(epstopdf)             Output file: <ButyrateCProteinExpt-eps-converted-to.pdf>

(epstopdf)             Command: <repstopdf --outfile=ButyrateCProteinExpt-eps-c
onverted-to.pdf ButyrateCProteinExpt.eps>
(epstopdf)             \includegraphics on input line 294.
Package epstopdf Info: Output file is already uptodate.

! Package pdftex.def Error: File `ButyrateCProteinExpt-eps-converted-to.pdf' no
t found.

See the pdftex.def package documentation for explanation.
Type  H <return>  for immediate help.
 ...                                              
                                                  
l.294 ...hics[scale=0.3]{ButyrateCProteinExpt.eps}
                                                  
? 
! Interruption.
\GenericError  ...                                
                                                  \endgroup 
l.294 ...hics[scale=0.3]{ButyrateCProteinExpt.eps}
                                                  
? ^^G
Type <return> to proceed, S to scroll future error messages,
R to run without stopping, Q to run quietly,
I to insert something, E to edit your file,
H for help, X to quit.
? 

Package natbib Warning: Citation `duncan' on page 7 undefined on input line 297
.


Package natbib Warning: Citation `duncan' on page 7 undefined on input line 297
.


LaTeX Warning: Reference `fig:modelledRSfrac' on page 7 undefined on input line
 304.


Package natbib Warning: Citation `walker2011' on page 7 undefined on input line
 305.


Package natbib Warning: Citation `salonen' on page 7 undefined on input line 30
5.


LaTeX Warning: Reference `fig:Invivo' on page 7 undefined on input line 306.

[7]

LaTeX Warning: Reference `fig:modelledRSfrac' on page 8 undefined on input line
 313.


LaTeX Warning: Reference `fig:Invivo' on page 8 undefined on input line 313.


LaTeX Warning: Reference `fig:modelledRSfrac' on page 8 undefined on input line
 317.


Package natbib Warning: Citation `walker2011' on page 8 undefined on input line
 320.


Package natbib Warning: Citation `salonen' on page 8 undefined on input line 32
0.


Package natbib Warning: Citation `Kettle2015' on page 8 undefined on input line
 320.


LaTeX Warning: Reference `fig:modelledRSfrac' on page 8 undefined on input line
 320.


Package natbib Warning: Citation `walker2011' on page 8 undefined on input line
 322.


LaTeX Warning: File `modelledRSfrac.eps' not found on input line 331.

Package epstopdf Info: Source file: <modelledRSfrac.eps>
(epstopdf)             Output file: <modelledRSfrac-eps-converted-to.pdf>
(epstopdf)             Command: <repstopdf --outfile=modelledRSfrac-eps-convert
ed-to.pdf modelledRSfrac.eps>
(epstopdf)             \includegraphics on input line 331.
Package epstopdf Info: Output file is already uptodate.

! Package pdftex.def Error: File `modelledRSfrac-eps-converted-to.pdf' not foun
d.

See the pdftex.def package documentation for explanation.
Type  H <return>  for immediate help.
 ...                                              
                                                  
l.331 ...degraphics[scale=0.5]{modelledRSfrac.eps}
                                                  
? x
 
Here is how much of TeX's memory you used:
 4295 strings out of 495063
 61348 string characters out of 3182201
 134934 words of memory out of 3000000
 7427 multiletter control sequences out of 15000+200000
 9307 words of font info for 34 fonts, out of 3000000 for 9000
 14 hyphenation exceptions out of 8191
 42i,10n,40p,990b,447s stack positions out of 5000i,500n,10000p,200000b,50000s
</usr/share/texlive/texmf-dist/fonts/type1/public/amsfonts/cm/cmbx10.pfb></usr/
share/texlive/texmf-dist/fonts/type1/public/amsfonts/cm/cmbx12.pfb></usr/share/
texlive/texmf-dist/fonts/type1/public/amsfonts/cm/cmbx9.pfb></usr/share/texlive
/texmf-dist/fonts/type1/public/amsfonts/cm/cmr10.pfb></usr/share/texlive/texmf-
dist/fonts/type1/public/amsfonts/cm/cmr12.pfb></usr/share/texlive/texmf-dist/fo
nts/type1/public/amsfonts/cm/cmr17.pfb></usr/share/texlive/texmf-dist/fonts/typ
e1/public/amsfonts/cm/cmr6.pfb></usr/share/texlive/texmf-dist/fonts/type1/publi
c/amsfonts/cm/cmr7.pfb></usr/share/texlive/texmf-dist/fonts/type1/public/amsfon
ts/cm/cmr9.pfb></usr/share/texlive/texmf-dist/fonts/type1/public/amsfonts/cm/cm
ss8.pfb></usr/share/texlive/texmf-dist/fonts/type1/public/amsfonts/cm/cmsy6.pfb
></usr/share/texlive/texmf-dist/fonts/type1/public/amsfonts/cm/cmsy7.pfb></usr/
share/texlive/texmf-dist/fonts/type1/public/amsfonts/cm/cmti9.pfb></usr/share/t
exlive/texmf-dist/fonts/type1/public/amsfonts/cm/cmtt10.pfb>
Output written on manuscript1.pdf (7 pages, 186746 bytes).
PDF statistics:
 84 PDF objects out of 1000 (max. 8388607)
 60 compressed objects within 1 object stream
 0 named destinations out of 1000 (max. 500000)
 1 words of extra memory for PDF output out of 10000 (max. 10000000)

